<?xml version="1.0" encoding="UTF-8"?>
<!-- Generated by org.testng.reporters.JUnitReportReporter -->
<testsuite hostname="DESKTOP-VT67SV3" failures="0" tests="1" name="com.testng.practice.WD_TestNG_Excell" time="10.467" errors="0" timestamp="23 Dec 2023 06:33:19 GMT">
  <testcase classname="com.testng.practice.WD_TestNG_Excell" name="tc001" time="10.467"/>
</testsuite> <!-- com.testng.practice.WD_TestNG_Excell -->
